Started by user [8mha:////4H04+28D6LOozT7pjuBwHUZCHLlFzsnvEWai4xm+gGr/AAAAlx+LCAAAAAAAAP9b85aBtbiIQTGjNKU4P08vOT+vOD8nVc83PyU1x6OyILUoJzMv2y+/JJUBAhiZGBgqihhk0NSjKDWzXb3RdlLBUSYGJk8GtpzUvPSSDB8G5tKinBIGIZ+sxLJE/ZzEvHT94JKizLx0a6BxUmjGOUNodHsLgAzWEgZu/dLi1CL9xJTczDwAj6GcLcAAAAA=[0madmin
[Sun Apr 08 11:56:22 UTC 2018] Starting organization scan...
[Sun Apr 08 11:56:22 UTC 2018] Updating actions...
Looking up details of elciak82...
Organization URL: [8mha:////4KJyLKaFOYsT9bkSGhJrX+6qtuM/t1uKkHgcJlxz2u+PAAAAmx+LCAAAAAAAAP9b85aBtbiIQSajNKU4P08vOT+vOD8nVc+jsiC1KCczL9svvyTVzHb1RttJBUeZGJg8GdhyUvPSSzJ8GJhLi3JKGIR8shLLEvVzEvPS9YNLijLz0q0rihik0IxzhtAgwxgggJGJgaGiAMhgKWGQzigpKSi20tdPzyzJKE0C6srVT81JzkzMtjACAOvvlCqgAAAA[0melle
[Sun Apr 08 11:56:23 UTC 2018] Consulting GitHub Organization
[8mha:////4LpNvkwE0pOp2scXXBc4rawK9EuSkVbVHWC4t5lv8GBSAAAAhB+LCAAAAAAAAP9b85aBtbiIwSa/KF0vKzUvOzOvODlTryCnNB3I0kvPLMkoTYpPKkrMS86IL84vLUpO1XPPLPEoTXLOzyvOz0n1yy9JZYAARiYGRi8GzpLM3NTiksTcgooiBqmM0pTi/Dy9ZIhiPayaGCoKgHTSUlk/FwC0OdmzjgAAAA==[0mConnecting to https://api.github.com using elciak82/******
[8mha:////4CwxO5OArFMu8Vz7wfrKVzT4BE9x7jZ5TDlugvalUkUOAAAAhB+LCAAAAAAAAP9b85aBtbiIwSa/KF0vKzUvOzOvODlTryCnNB3I0kvPLMkoTYpPKkrMS86IL84vLUpO1XPPLPEoTXLOzyvOz0n1yy9JZYAARiYGRi8GzpLM3NTiksTcgooiBqmM0pTi/Dy9ZIhiPayaGCoKgHTSUtkAcQAlBvqVjgAAAA==[0mLooking up repositories of myself elciak82
Proposing IT-ISSUES
Examining [8mha:////4Gy7foKTd/ogyHckGvDgR/sCQWW44aMe9K8a3GD0tRj6AAAApR+LCAAAAAAAAP9b85aBtbiIQSajNKU4P08vOT+vOD8nVc+jsiC1KCczL9svvyTVzHb1RttJBUeZGJg8GdhyUvPSSzJ8GJhLi3JKGIR8shLLEvVzEvPS9YNLijLz0q0rihik0IxzhtAgwxgggJGJgaGiAMgQKmFQzSgpKSi20tdPzyzJKE0C6srVT81JzkzMtjDS9wzR9QwODnUNBgBn5SJPqgAAAA==[0melciak82/IT-ISSUES

  Checking branches...

  Getting remote branches...

    Checking branch [8mha:////4LDbXCscCpKGP/m8vj5FVjUQV4+R0SszPe/+0uZfj1GzAAAAsR+LCAAAAAAAAP9b85aBtbiIQSajNKU4P08vOT+vOD8nVc+jsiC1KCczL9svvyTVzHb1RttJBUeZGJg8GdhyUvPSSzJ8GJhLi3JKGIR8shLLEvVzEvPS9YNLijLz0q0rihik0IxzhtAgwxgggJGJgaGiAMhgK2EwzCgpKSi20tdPzyzJKE0C6srVT81JzkzMtjDS9wzR9QwODnUN1i8pSk3Vz00sLkktAgBUR/o1tgAAAA==[0mmaster

  Getting remote pull requests...
      ‘Jenkinsfile’ not found
    Does not meet criteria

  1 branches were processed

  Checking pull-requests...

  0 pull requests were processed

Finished examining elciak82/IT-ISSUES

Proposing mikroprojekt-selenium
[8mha:////4LUnynwTtEp0SazKutw9PVkM3pJAC/698T07a2cnkVJtAAAAhB+LCAAAAAAAAP9b85aBtbiIwSa/KF0vKzUvOzOvODlTryCnNB3I0kvPLMkoTYpPKkrMS86IL84vLUpO1XPPLPEoTXLOzyvOz0n1yy9JZYAARiYGRi8GzpLM3NTiksTcgooiBqmM0pTi/Dy9ZIhiPayaGCoKgHTSUtmwywAKp6lfjgAAAA==[0mConnecting to https://api.github.com using elciak82/******
Examining [8mha:////4JzNCuqfBOhfl9dh8o4U3tqWRe6rHVxs3CmS2VBJv2q3AAAAsB+LCAAAAAAAAP9b85aBtbiIQSajNKU4P08vOT+vOD8nVc+jsiC1KCczL9svvyTVzHb1RttJBUeZGJg8GdhyUvPSSzJ8GJhLi3JKGIR8shLLEvVzEvPS9YNLijLz0q0rihik0IxzhtAgwxgggJGJgaGiAMiQK2EwzCgpKSi20tdPzyzJKE0C6srVT81JzkzMtjDSz83MLsovKMrPSs0u0S1OBdqeWZoLAPF5cua2AAAA[0melciak82/mikroprojekt-selenium

  Checking branches...

  Getting remote branches...

    Checking branch [8mha:////4AWgK2cf4J7VuocMgkwvtxRveLgF3/Kw7+v+SMeBm1XDAAAAvx+LCAAAAAAAAP9djUEOAUEQRcsIa7EUV6ASCxFiZYFEROIEbZSZnunp7lRXC9dwDTYO4TjuYMTO3/y/ee8/3tAKDP08HoOzw9TZ4AwNV1dPbLQtt05oPL8/5zf/SiBZQ9uQzSTfQDOyEehuCnVWaJTNcC+sbTa7MPT+dItff2XwSyMBuPh6dASWuYgPU8RMSx4PNVUhmVSrcjLCSpfsPLuCShkEqt91rFCYCE+kJDLhTglf00J9AJxstdPMAAAA[0mfeature/Patrycja

  Getting remote pull requests...
      ‘Jenkinsfile’ not found
    Does not meet criteria

    Checking branch [8mha:////4A6obzmDj4htyEzp2qqb6Iyxc6STytb0lzsbETRZyxwGAAAAuB+LCAAAAAAAAP9djbENwjAQRY8gMgAlYgViiQIhUCoakCIaJjDh5DhxbOt8RmEN1oCGIRiHHQhKx2/+b977zw9MAsG8ipfgbFY6G5zBbH/zSEbb5ugYV/njld/9O4HkAKlBq7gqYBzJMEyLWl6lMNIqcWLSVm07gtmfbjf0TwZDRglA5/uRMuQVsw8bIZTmKp57qhVoSi2b9VK0uiHnydXY8CJg/65jK5gQRSsDI30BEK653cIAAAA=[0mmaster
      ‘Jenkinsfile’ not found
    Does not meet criteria

  2 branches were processed

  Checking pull-requests...

  0 pull requests were processed

Finished examining elciak82/mikroprojekt-selenium

Proposing nauka_gita
[8mha:////4FwglPUiUsvKptIRIMgBjU6C8KNf7H5CURJ73uLSCkgPAAAAhB+LCAAAAAAAAP9b85aBtbiIwSa/KF0vKzUvOzOvODlTryCnNB3I0kvPLMkoTYpPKkrMS86IL84vLUpO1XPPLPEoTXLOzyvOz0n1yy9JZYAARiYGRi8GzpLM3NTiksTcgooiBqmM0pTi/Dy9ZIhiPayaGCoKgHTSUtmYkwD6tiRYjgAAAA==[0mConnecting to https://api.github.com using elciak82/******
Examining [8mha:////4Px5Xatgnudds9NpMgLkrAReLEFTEz/mNqx9XYI+vbVVAAAApR+LCAAAAAAAAP9b85aBtbiIQSajNKU4P08vOT+vOD8nVc+jsiC1KCczL9svvyTVzHb1RttJBUeZGJg8GdhyUvPSSzJ8GJhLi3JKGIR8shLLEvVzEvPS9YNLijLz0q0rihik0IxzhtAgwxgggJGJgaGiAMgQLmFQyygpKSi20tdPzyzJKE0C6srVT81JzkzMtjDSz0sszU6MB8okAgDW27hjqwAAAA==[0melciak82/nauka_gita

  Checking branches...

  Getting remote branches...

    Checking branch [8mha:////4ItIAmAhERN472EH1bor1emjF2+LVbX3bkyL97dvImQiAAAAuR+LCAAAAAAAAP9b85aBtbiIQSajNKU4P08vOT+vOD8nVc+jsiC1KCczL9svvyTVzHb1RttJBUeZGJg8GdhyUvPSSzJ8GJhLi3JKGIR8shLLEvVzEvPS9YNLijLz0q0rihik0IxzhtAgwxgggJGJgaGiAMjgK2GwyigpKSi20tdPzyzJKE0C6srVT81JzkzMtjDSz0sszU6MB8ok6pcUpabqhxgaxKfkpyRmxWfmZqYCAHKOkZ6/AAAA[0mT10_dodaj_imie

  Getting remote pull requests...
      ‘Jenkinsfile’ not found
    Does not meet criteria

    Checking branch [8mha:////4EWvLI1E/ISBLT/Rsf/p/fhnNqpxJO34mfomHuXcrCB0AAAAsh+LCAAAAAAAAP9b85aBtbiIQSajNKU4P08vOT+vOD8nVc+jsiC1KCczL9svvyTVzHb1RttJBUeZGJg8GdhyUvPSSzJ8GJhLi3JKGIR8shLLEvVzEvPS9YNLijLz0q0rihik0IxzhtAgwxgggJGJgaGiAMhgL2EwzigpKSi20tdPzyzJKE0C6srVT81JzkzMtjDSz0sszU6MB8ok6pcUpabqh3g6e7uGGAIAuBAmT7gAAAA=[0mTICKET1
      ‘Jenkinsfile’ not found
    Does not meet criteria

    Checking branch [8mha:////4Cd9yO5yfdv0RguJhpZ6O9modGO+6LWtvqiy/hHevtsTAAAAsR+LCAAAAAAAAP9b85aBtbiIQSajNKU4P08vOT+vOD8nVc+jsiC1KCczL9svvyTVzHb1RttJBUeZGJg8GdhyUvPSSzJ8GJhLi3JKGIR8shLLEvVzEvPS9YNLijLz0q0rihik0IxzhtAgwxgggJGJgaGiAMhgK2EwyigpKSi20tdPzyzJKE0C6srVT81JzkzMtjDSz0sszU6MB8ok6pcUpabq5yYWl6QWAQBiCUJ3twAAAA==[0mmaster
      ‘Jenkinsfile’ not found
    Does not meet criteria

  3 branches were processed

  Checking pull-requests...

  0 pull requests were processed

Finished examining elciak82/nauka_gita

Proposing se_hello_printer_app
[8mha:////4CVM6tN0X7gsLFMniYyjUv30WZ2FWbqXLIB+DXWGp7MbAAAAhB+LCAAAAAAAAP9b85aBtbiIwSa/KF0vKzUvOzOvODlTryCnNB3I0kvPLMkoTYpPKkrMS86IL84vLUpO1XPPLPEoTXLOzyvOz0n1yy9JZYAARiYGRi8GzpLM3NTiksTcgooiBqmM0pTi/Dy9ZIhiPayaGCoKgHTSUtnkHAChy0amjgAAAA==[0mConnecting to https://api.github.com using elciak82/******
Examining [8mha:////4CP8B7IgM3CdqKBu86bw/H7R3vkG7Acd5W6H0MsWOuHPAAAArx+LCAAAAAAAAP9b85aBtbiIQSajNKU4P08vOT+vOD8nVc+jsiC1KCczL9svvyTVzHb1RttJBUeZGJg8GdhyUvPSSzJ8GJhLi3JKGIR8shLLEvVzEvPS9YNLijLz0q0rihik0IxzhtAgwxgggJGJgaGiAMiQLWEwyCgpKSi20tdPzyzJKE0C6srVT81JzkzMtjDSL06Nz0jNycmPLwAaXpJaFJ9YUAAA0T1SILUAAAA=[0melciak82/se_hello_printer_app

  Checking branches...

  Getting remote branches...

    Checking branch [8mha:////4C0Z9J6rIOClvGGs9uHqv1PLMUNKgb2Pxanb3XloS1pQAAAAtx+LCAAAAAAAAP9djLENwjAQRY8gMgAlYoZYokAISEUDUkTDAJEJp9jkYlv2BYU1WAMahmAcdsCIjt/8/4r/Hm8YBQ9T1Z2CNVllTbCE2fbq0JM2zd4yzvP7M7+5VwLJDlJCU7MqYNh5YhgXZ3mRgqSpxYG9NvWq9zD5021+/ZXBL4MEoHdxpAxrxezCUohas+qO8dUKpErLZjETAUuFRLZ0Uc7oS+mcYI8oWhkifwBC1gOfwQAAAA==[0mmaster

  Getting remote pull requests...
      ‘Jenkinsfile’ found
    Met criteria

  1 branches were processed (query completed)

  1 branches were processed

Finished examining elciak82/se_hello_printer_app

Proposing se_teaching_jenkins
[8mha:////4K/Oc0K10peBLUdXD1xvXwGY6BejyrCh+vHsUHjDpMkUAAAAhB+LCAAAAAAAAP9b85aBtbiIwSa/KF0vKzUvOzOvODlTryCnNB3I0kvPLMkoTYpPKkrMS86IL84vLUpO1XPPLPEoTXLOzyvOz0n1yy9JZYAARiYGRi8GzpLM3NTiksTcgooiBqmM0pTi/Dy9ZIhiPayaGCoKgHTSUtmMOgAiYwu2jgAAAA==[0mConnecting to https://api.github.com using elciak82/******
Examining [8mha:////4LUmnALnVryfiwk5m1DZDbLZ4HTQexcf/1mOW6XAR9n5AAAArh+LCAAAAAAAAP9b85aBtbiIQSajNKU4P08vOT+vOD8nVc+jsiC1KCczL9svvyTVzHb1RttJBUeZGJg8GdhyUvPSSzJ8GJhLi3JKGIR8shLLEvVzEvPS9YNLijLz0q0rihik0IxzhtAgwxgggJGJgaGiAMiQKWHQzygpKSi20tdPzyzJKE0C6srVT81JzkzMtjDSL06NL0lNTM4AmhyflZqXnZlXDABOAtKytAAAAA==[0melciak82/se_teaching_jenkins

  Checking branches...

  Getting remote branches...

    Checking branch [8mha:////4Hq4tqpvY91KTD8yvIaNg7bAF0vz1x9DfDtJTqSbzk8GAAAAtx+LCAAAAAAAAP9dzLENwjAQBdAjiAxAiZghJ1EgRJSKBqSIhgEiE06xE8e27AsKa7AGNAzBOOxAUDp+83/z3/MDs+BhKbtLsCYprQlWU7K/OfJameZomdbZ45Xd3TuC6ACxJlOxzGHaec0wz2txFaiFqfDEXpkq7T0s/rjd2D8MxkwigN4NI2ZIJbMLW8RKsezOw6tF0qUSzWaFgQomUcpBLmoyjTIB2RNhKwKT/wJfbD7+wAAAAA==[0mmaster

  Getting remote pull requests...
      ‘Jenkinsfile’ not found
    Does not meet criteria

  1 branches were processed

  Checking pull-requests...

  0 pull requests were processed

Finished examining elciak82/se_teaching_jenkins

Proposing shiny-umbrella
[8mha:////4NyfvvTbJ2geXR8ZEPd/vfAl6fO3xcWotBwEdkiS+JKHAAAAhB+LCAAAAAAAAP9b85aBtbiIwSa/KF0vKzUvOzOvODlTryCnNB3I0kvPLMkoTYpPKkrMS86IL84vLUpO1XPPLPEoTXLOzyvOz0n1yy9JZYAARiYGRi8GzpLM3NTiksTcgooiBqmM0pTi/Dy9ZIhiPayaGCoKgHTSUtnc1QA8scU9jgAAAA==[0mConnecting to https://api.github.com using elciak82/******
Examining [8mha:////4JYUT+5n+nL1qq4rMKh3qow8FGzdbAILtFCsk+jVRHVnAAAAqh+LCAAAAAAAAP9b85aBtbiIQSajNKU4P08vOT+vOD8nVc+jsiC1KCczL9svvyTVzHb1RttJBUeZGJg8GdhyUvPSSzJ8GJhLi3JKGIR8shLLEvVzEvPS9YNLijLz0q0rihik0IxzhtAgwxgggJGJgaGiAMgQL2HQyigpKSi20tdPzyzJKE0C6srVT81JzkzMtjDSL87IzKvULc1NKkrNyUkEAE/BB6+vAAAA[0melciak82/shiny-umbrella

  Checking branches...

  Getting remote branches...

    Checking branch [8mha:////4PObaedR6vgc41/K8Z6ZNnkPWVv9417oa9Bl7wy3/adBAAAAux+LCAAAAAAAAP9b85aBtbiIQSajNKU4P08vOT+vOD8nVc+jsiC1KCczL9svvyTVzHb1RttJBUeZGJg8GdhyUvPSSzJ8GJhLi3JKGIR8shLLEvVzEvPS9YNLijLz0q0rihik0IxzhtAgwxgggJGJgaGiAMjgLmGwzigpKSi20tdPzyzJKE0C6srVT81JzkzMtjDSL87IzKvULc1NKkrNyUnULylKTdUPcnV08XXVTU3JLAEA/1/aRcAAAAA=[0mREADME-edit

  Getting remote pull requests...
      ‘Jenkinsfile’ not found
    Does not meet criteria

    Checking branch [8mha:////4GzpTpofIavcxJhlwILowAQ98X00922PTVtfy0hcgejpAAAAsx+LCAAAAAAAAP9djLENwjAQRY8gMgAlYgViiSJCoFQ0IEU0TOCEk23i2JZ9RskarAENQzAOOxCUjtf81/z3/MAseFjKeAnWZLU1wWrMDr1Dr5VpTpYwLx6v4u7eCSRHSDUaQbKEafSaYF5e+Y0zzY1gZ/LKiF3nYfGX24/7i8HIJAHo3CApQS6JXNgyJhTJWA2vlqGuFW82axakMv0qtpVHrTkjj8haHgj9FxTQvE67AAAA[0mmaster
      ‘Jenkinsfile’ not found
    Does not meet criteria

  2 branches were processed

  Checking pull-requests...

  0 pull requests were processed

Finished examining elciak82/shiny-umbrella

[8mha:////4KipXqXjJpQ4wJaz3ULlLD5aVxdTlEwC2ee/tXBK9kzxAAAAhB+LCAAAAAAAAP9b85aBtbiIwSa/KF0vKzUvOzOvODlTryCnNB3I0kvPLMkoTYpPKkrMS86IL84vLUpO1XPPLPEoTXLOzyvOz0n1yy9JZYAARiYGRi8GzpLM3NTiksTcgooiBqmM0pTi/Dy9ZIhiPayaGCoKgHTSUtnCEwCD3AkPjgAAAA==[0m6 repositories were processed
[Sun Apr 08 11:56:33 UTC 2018] Finished organization scan. Scan took 10 sec
Finished: SUCCESS
